<?xml version="1.0" encoding="UTF-8"?>
<!-- Generated by org.testng.reporters.JUnitReportReporter -->
<testsuite hostname="NEW9710-G8" failures="0" tests="2" name="Practice.TestNgGroupingPaymentClass" time="0.014" errors="0" timestamp="2024-12-30T22:48:45 IST" skipped="0">
  <testcase classname="Practice.TestNgGroupingPaymentClass" name="paymentinrupee" time="0.013"/>
  <testcase classname="Practice.TestNgGroupingPaymentClass" name="paymentindollar" time="0.001"/>
</testsuite> <!-- Practice.TestNgGroupingPaymentClass -->
