<?xml version="1.0" encoding="UTF-8"?>
<!-- Generated by org.testng.reporters.JUnitReportReporter -->
<testsuite hostname="NEW9710-G8" failures="0" tests="5" name="Practice.TestNgPriority" time="0.038" errors="0" timestamp="2024-12-30T14:54:27 IST" skipped="0">
  <testcase classname="Practice.TestNgPriority" name="openHome" time="0.029"/>
  <testcase classname="Practice.TestNgPriority" name="sendPassword" time="0.003"/>
  <testcase classname="Practice.TestNgPriority" name="OpenURL" time="0.002"/>
  <testcase classname="Practice.TestNgPriority" name="login" time="0.002"/>
  <testcase classname="Practice.TestNgPriority" name="sendUsername" time="0.002"/>
</testsuite> <!-- Practice.TestNgPriority -->
