<?xml version="1.0" encoding="UTF-8"?>
<!-- Generated by org.testng.reporters.JUnitReportReporter -->
<testsuite hostname="NEW9710-G8" failures="0" tests="3" name="Practice.TestNgAnnotations" time="0.006" errors="0" timestamp="2024-12-30T15:15:58 IST" skipped="0">
  <testcase classname="Practice.TestNgAnnotations" name="test1" time="0.004"/>
  <testcase classname="Practice.TestNgAnnotations" name="test2" time="0.001"/>
  <testcase classname="Practice.TestNgAnnotations" name="test3" time="0.001"/>
</testsuite> <!-- Practice.TestNgAnnotations -->
