<?xml version="1.0" encoding="UTF-8"?>
<!-- Generated by org.testng.reporters.JUnitReportReporter -->
<testsuite hostname="NEW9710-G8" failures="0" tests="3" name="Practice.TestNgGroupingSininClass" time="0.013" errors="0" timestamp="2024-12-30T22:28:03 IST" skipped="0">
  <testcase classname="Practice.TestNgGroupingSininClass" name="signinbyemail" time="0.011"/>
  <testcase classname="Practice.TestNgGroupingSininClass" name="signinbyfacebook" time="0.001"/>
  <testcase classname="Practice.TestNgGroupingSininClass" name="signinbytwitter" time="0.001"/>
</testsuite> <!-- Practice.TestNgGroupingSininClass -->
