<?xml version="1.0" encoding="UTF-8"?>
<!-- Generated by org.testng.reporters.JUnitReportReporter -->
<testsuite hostname="NEW9710-G8" failures="0" tests="3" name="Practice.TestNgGroupingLoginClass" time="0.015" errors="0" timestamp="2024-12-30T22:27:35 IST" skipped="0">
  <testcase classname="Practice.TestNgGroupingLoginClass" name="loginbyemail" time="0.011"/>
  <testcase classname="Practice.TestNgGroupingLoginClass" name="loginbyfacebook" time="0.002"/>
  <testcase classname="Practice.TestNgGroupingLoginClass" name="loginbytwitter" time="0.002"/>
</testsuite> <!-- Practice.TestNgGroupingLoginClass -->
