<?xml version="1.0" encoding="UTF-8"?>
<!-- Generated by org.testng.reporters.JUnitReportReporter -->
<testsuite hostname="NEW9710-G8" failures="0" tests="1" name="Practice.Assertion" time="0.019" errors="0" timestamp="2024-12-30T15:58:15 IST" skipped="0">
  <testcase classname="Practice.Assertion" name="test" time="0.019"/>
</testsuite> <!-- Practice.Assertion -->
