<?xml version="1.0" encoding="UTF-8"?>
<!-- Generated by org.testng.reporters.JUnitReportReporter -->
<testsuite hostname="NEW9710-G8" failures="0" tests="9" name="Practice.TestNgParallelTesting" time="1.227" errors="0" timestamp="2024-12-31T10:48:17 IST" skipped="0">
  <testcase classname="Practice.TestNgParallelTesting" name="TestLogo" time="0.060"/>
  <testcase classname="Practice.TestNgParallelTesting" name="CheckURL" time="0.083"/>
  <testcase classname="Practice.TestNgParallelTesting" name="CheckTitle" time="0.010"/>
  <testcase classname="Practice.TestNgParallelTesting" name="CheckTitle" time="0.031"/>
  <testcase classname="Practice.TestNgParallelTesting" name="CheckURL" time="0.145"/>
  <testcase classname="Practice.TestNgParallelTesting" name="CheckURL" time="0.010"/>
  <testcase classname="Practice.TestNgParallelTesting" name="TestLogo" time="0.381"/>
  <testcase classname="Practice.TestNgParallelTesting" name="TestLogo" time="0.234"/>
  <testcase classname="Practice.TestNgParallelTesting" name="CheckTitle" time="0.273"/>
</testsuite> <!-- Practice.TestNgParallelTesting -->
